<?xml version="1.0" encoding="UTF-8"?>
<testng-results ignored="0" total="2" passed="2" failed="0" skipped="0">
  <reporter-output>
  </reporter-output>
  <suite started-at="2025-02-01T14:58:19 IST" name="Suite" finished-at="2025-02-01T14:58:32 IST" duration-ms="13100">
    <groups>
      <group name="Master">
        <method signature="TC_001_Registration.registerUser()[pri:0, instance:com.TestClass.TC_001_Registration@6f45df59]" name="registerUser" class="com.TestClass.TC_001_Registration"/>
        <method signature="TC_002_LoginTest.validateLogin()[pri:0, instance:com.TestClass.TC_002_LoginTest@762ef0ea]" name="validateLogin" class="com.TestClass.TC_002_LoginTest"/>
      </group> <!-- Master -->
      <group name="Sanity">
        <method signature="TC_001_Registration.registerUser()[pri:0, instance:com.TestClass.TC_001_Registration@6f45df59]" name="registerUser" class="com.TestClass.TC_001_Registration"/>
        <method signature="TC_002_LoginTest.validateLogin()[pri:0, instance:com.TestClass.TC_002_LoginTest@762ef0ea]" name="validateLogin" class="com.TestClass.TC_002_LoginTest"/>
      </group> <!-- Sanity -->
      <group name="Regression">
        <method signature="TC_001_Registration.registerUser()[pri:0, instance:com.TestClass.TC_001_Registration@6f45df59]" name="registerUser" class="com.TestClass.TC_001_Registration"/>
      </group> <!-- Regression -->
    </groups>
    <test started-at="2025-02-01T14:58:19 IST" name="Test" finished-at="2025-02-01T14:58:32 IST" duration-ms="13100">
      <class name="com.TestClass.TC_002_LoginTest">
        <test-method is-config="true" signature="setUp(java.lang.String,java.lang.String)[pri:0, instance:com.TestClass.TC_002_LoginTest@762ef0ea]" started-at="2025-02-01T14:58:27 IST" name="setUp" finished-at="2025-02-01T14:58:30 IST" duration-ms="2913" status="PASS">
          <params>
            <param index="0">
              <value>
                <![CDATA[windows]]>
              </value>
            </param>
            <param index="1">
              <value>
                <![CDATA[chrome]]>
              </value>
            </param>
          </params>
          <reporter-output>
          </reporter-output>
        </test-method> <!-- setUp -->
        <test-method signature="validateLogin()[pri:0, instance:com.TestClass.TC_002_LoginTest@762ef0ea]" started-at="2025-02-01T14:58:30 IST" name="validateLogin" finished-at="2025-02-01T14:58:32 IST" duration-ms="2199" status="PASS">
          <reporter-output>
          </reporter-output>
        </test-method> <!-- validateLogin -->
        <test-method is-config="true" signature="tearDown()[pri:0, instance:com.TestClass.TC_002_LoginTest@762ef0ea]" started-at="2025-02-01T14:58:32 IST" name="tearDown" finished-at="2025-02-01T14:58:32 IST" duration-ms="219" status="PASS">
          <reporter-output>
          </reporter-output>
        </test-method> <!-- tearDown -->
      </class> <!-- com.TestClass.TC_002_LoginTest -->
      <class name="com.TestClass.TC_001_Registration">
        <test-method is-config="true" signature="setUp(java.lang.String,java.lang.String)[pri:0, instance:com.TestClass.TC_001_Registration@6f45df59]" started-at="2025-02-01T14:58:19 IST" name="setUp" finished-at="2025-02-01T14:58:23 IST" duration-ms="3591" status="PASS">
          <params>
            <param index="0">
              <value>
                <![CDATA[windows]]>
              </value>
            </param>
            <param index="1">
              <value>
                <![CDATA[chrome]]>
              </value>
            </param>
          </params>
          <reporter-output>
          </reporter-output>
        </test-method> <!-- setUp -->
        <test-method signature="registerUser()[pri:0, instance:com.TestClass.TC_001_Registration@6f45df59]" started-at="2025-02-01T14:58:23 IST" name="registerUser" finished-at="2025-02-01T14:58:26 IST" duration-ms="3436" status="PASS">
          <reporter-output>
          </reporter-output>
        </test-method> <!-- registerUser -->
        <test-method is-config="true" signature="tearDown()[pri:0, instance:com.TestClass.TC_001_Registration@6f45df59]" started-at="2025-02-01T14:58:26 IST" name="tearDown" finished-at="2025-02-01T14:58:27 IST" duration-ms="270" status="PASS">
          <reporter-output>
          </reporter-output>
        </test-method> <!-- tearDown -->
      </class> <!-- com.TestClass.TC_001_Registration -->
    </test> <!-- Test -->
  </suite> <!-- Suite -->
</testng-results>
